<?xml version="1.0" encoding="UTF-8"?>
<!-- Generated by org.testng.reporters.JUnitReportReporter -->
<testsuite skipped="0" hostname="devops182" name="jpetStoreckg.catalogueTest" tests="1" failures="0" timestamp="30 Aug 2017 09:17:44 GMT" time="6.774" errors="0">
  <testcase name="setup" time="6.774" classname="jpetStoreckg.catalogueTest"/>
</testsuite> <!-- jpetStoreckg.catalogueTest -->
