<?xml version="1.0" encoding="UTF-8"?>
<!-- Generated by org.testng.reporters.JUnitReportReporter -->
<testsuite skipped="0" hostname="devops182" name="jpetStoreckg.baseTest" tests="1" failures="0" timestamp="30 Aug 2017 09:17:44 GMT" time="4.789" errors="0">
  <testcase name="setup" time="4.789" classname="jpetStoreckg.baseTest"/>
</testsuite> <!-- jpetStoreckg.baseTest -->
