<?xml version="1.0" encoding="UTF-8"?>
<!-- Generated by org.testng.reporters.JUnitReportReporter -->
<testsuite skipped="0" hostname="devops182" name="jpetStoreckg.loginTest" tests="1" failures="0" timestamp="30 Aug 2017 09:17:44 GMT" time="5.112" errors="0">
  <testcase name="setup" time="5.112" classname="jpetStoreckg.loginTest"/>
</testsuite> <!-- jpetStoreckg.loginTest -->
