<?xml version="1.0" encoding="UTF-8"?>
<!-- Generated by org.testng.reporters.JUnitReportReporter -->
<testsuite skipped="0" hostname="devops182" name="jpetStoreckg.catalogueDetailPage3" tests="1" failures="0" timestamp="30 Aug 2017 09:17:45 GMT" time="6.461" errors="0">
  <testcase name="setup" time="6.461" classname="jpetStoreckg.catalogueDetailPage3"/>
</testsuite> <!-- jpetStoreckg.catalogueDetailPage3 -->
