<?xml version="1.0" encoding="UTF-8"?>
<!-- Generated by org.testng.reporters.JUnitReportReporter -->
<testsuite skipped="0" hostname="devops182" name="jpetStoreckg.baseTest" tests="1" failures="0" timestamp="31 Aug 2017 08:21:31 GMT" time="5.083" errors="0">
  <testcase name="setup" time="5.083" classname="jpetStoreckg.baseTest"/>
</testsuite> <!-- jpetStoreckg.baseTest -->
