<?xml version="1.0" encoding="UTF-8"?>
<!-- Generated by org.testng.reporters.JUnitReportReporter -->
<testsuite skipped="0" hostname="devops182" name="jpetStoreckg.catalogueTest2" tests="1" failures="0" timestamp="31 Aug 2017 08:21:31 GMT" time="6.229" errors="0">
  <testcase name="setup" time="6.229" classname="jpetStoreckg.catalogueTest2"/>
</testsuite> <!-- jpetStoreckg.catalogueTest2 -->
