<?xml version="1.0" encoding="UTF-8"?>
<!-- Generated by org.testng.reporters.JUnitReportReporter -->
<testsuite skipped="0" hostname="devops182" name="jpetStoreckg.homePageNavigation" tests="1" failures="0" timestamp="31 Aug 2017 08:21:31 GMT" time="6.645" errors="0">
  <testcase name="setup" time="6.645" classname="jpetStoreckg.homePageNavigation"/>
</testsuite> <!-- jpetStoreckg.homePageNavigation -->
