<?xml version="1.0" encoding="UTF-8"?>
<!-- Generated by org.testng.reporters.JUnitReportReporter -->
<testsuite skipped="0" hostname="devops182" name="jpetStoreckg.catalogueTest5" tests="1" failures="0" timestamp="31 Aug 2017 08:21:31 GMT" time="4.947" errors="0">
  <testcase name="setup" time="4.947" classname="jpetStoreckg.catalogueTest5"/>
</testsuite> <!-- jpetStoreckg.catalogueTest5 -->
