<?xml version="1.0" encoding="UTF-8"?>
<!-- Generated by org.testng.reporters.JUnitReportReporter -->
<testsuite skipped="0" hostname="devops182" name="jpetStoreckg.catalogueDetailPage" tests="1" failures="0" timestamp="31 Aug 2017 08:21:31 GMT" time="9.392" errors="0">
  <testcase name="setup" time="9.392" classname="jpetStoreckg.catalogueDetailPage"/>
</testsuite> <!-- jpetStoreckg.catalogueDetailPage -->
